{
  "iteration": 1,
  "last_minute": "2026-03-11T17:58:00",
  "window_end": "2026-03-11T18:00:00",
  "metric_rows": 11900,
  "events": 8
}
{
  "iteration": 2,
  "last_minute": "2026-03-11T17:59:00",
  "window_end": "2026-03-11T18:00:00",
  "metric_rows": 11902,
  "events": 8
}
{
  "iteration": 3,
  "last_minute": "2026-03-11T18:00:00",
  "window_end": "2026-03-11T18:15:00",
  "metric_rows": 11928,
  "events": 7
}
{
  "iteration": 4,
  "last_minute": "2026-03-11T18:01:00",
  "window_end": "2026-03-11T18:15:00",
  "metric_rows": 11937,
  "events": 7
}
{
  "iteration": 5,
  "last_minute": "2026-03-11T18:02:00",
  "window_end": "2026-03-11T18:15:00",
  "metric_rows": 11939,
  "events": 7
}
{
  "iteration": 6,
  "last_minute": "2026-03-11T18:03:00",
  "window_end": "2026-03-11T18:15:00",
  "metric_rows": 11939,
  "events": 7
}
{
  "iteration": 7,
  "last_minute": "2026-03-11T18:04:00",
  "window_end": "2026-03-11T18:15:00",
  "metric_rows": 11940,
  "events": 10
}
{
  "iteration": 8,
  "last_minute": "2026-03-11T18:05:00",
  "window_end": "2026-03-11T18:15:00",
  "metric_rows": 11942,
  "events": 10
}
{
  "iteration": 9,
  "last_minute": "2026-03-11T18:06:00",
  "window_end": "2026-03-11T18:15:00",
  "metric_rows": 11943,
  "events": 10
}
{
  "iteration": 10,
  "last_minute": "2026-03-11T18:07:00",
  "window_end": "2026-03-11T18:15:00",
  "metric_rows": 11943,
  "events": 10
}
{
  "iteration": 11,
  "last_minute": "2026-03-11T18:08:00",
  "window_end": "2026-03-11T18:15:00",
  "metric_rows": 11943,
  "events": 10
}
{
  "iteration": 12,
  "last_minute": "2026-03-11T18:09:00",
  "window_end": "2026-03-11T18:15:00",
  "metric_rows": 11944,
  "events": 10
}
{
  "iteration": 13,
  "last_minute": "2026-03-11T18:10:00",
  "window_end": "2026-03-11T18:15:00",
  "metric_rows": 11944,
  "events": 10
}
{
  "iteration": 14,
  "last_minute": "2026-03-11T18:11:00",
  "window_end": "2026-03-11T18:15:00",
  "metric_rows": 11944,
  "events": 10
}
{
  "iteration": 15,
  "last_minute": "2026-03-11T18:12:00",
  "window_end": "2026-03-11T18:15:00",
  "metric_rows": 11944,
  "events": 10
}
{
  "iteration": 16,
  "last_minute": "2026-03-11T18:13:00",
  "window_end": "2026-03-11T18:15:00",
  "metric_rows": 11944,
  "events": 10
}
{
  "iteration": 17,
  "last_minute": "2026-03-11T18:14:00",
  "window_end": "2026-03-11T18:15:00",
  "metric_rows": 11944,
  "events": 10
}
{
  "iteration": 18,
  "last_minute": "2026-03-11T18:15:00",
  "window_end": "2026-03-11T18:30:00",
  "metric_rows": 11975,
  "events": 9
}
{
  "iteration": 19,
  "last_minute": "2026-03-11T18:16:00",
  "window_end": "2026-03-11T18:30:00",
  "metric_rows": 11978,
  "events": 7
}
{
  "iteration": 20,
  "last_minute": "2026-03-11T18:17:00",
  "window_end": "2026-03-11T18:30:00",
  "metric_rows": 11980,
  "events": 7
}
{
  "iteration": 21,
  "last_minute": "2026-03-11T18:18:00",
  "window_end": "2026-03-11T18:30:00",
  "metric_rows": 11980,
  "events": 7
}
{
  "iteration": 22,
  "last_minute": "2026-03-11T18:19:00",
  "window_end": "2026-03-11T18:30:00",
  "metric_rows": 11982,
  "events": 7
}
{
  "iteration": 23,
  "last_minute": "2026-03-11T18:20:00",
  "window_end": "2026-03-11T18:30:00",
  "metric_rows": 11983,
  "events": 7
}
{
  "iteration": 24,
  "last_minute": "2026-03-11T18:21:00",
  "window_end": "2026-03-11T18:30:00",
  "metric_rows": 11983,
  "events": 7
}
{
  "iteration": 25,
  "last_minute": "2026-03-11T18:22:00",
  "window_end": "2026-03-11T18:30:00",
  "metric_rows": 11984,
  "events": 7
}
{
  "iteration": 26,
  "last_minute": "2026-03-11T18:23:00",
  "window_end": "2026-03-11T18:30:00",
  "metric_rows": 11985,
  "events": 7
}
{
  "iteration": 27,
  "last_minute": "2026-03-11T18:24:00",
  "window_end": "2026-03-11T18:30:00",
  "metric_rows": 11985,
  "events": 7
}
{
  "iteration": 28,
  "last_minute": "2026-03-11T18:25:00",
  "window_end": "2026-03-11T18:30:00",
  "metric_rows": 11985,
  "events": 7
}
{
  "iteration": 29,
  "last_minute": "2026-03-11T18:26:00",
  "window_end": "2026-03-11T18:30:00",
  "metric_rows": 11985,
  "events": 7
}
{
  "iteration": 30,
  "last_minute": "2026-03-11T18:27:00",
  "window_end": "2026-03-11T18:30:00",
  "metric_rows": 11985,
  "events": 8
}
{
  "iteration": 31,
  "last_minute": "2026-03-11T18:28:00",
  "window_end": "2026-03-11T18:30:00",
  "metric_rows": 11985,
  "events": 8
}
{
  "iteration": 32,
  "last_minute": "2026-03-11T18:29:00",
  "window_end": "2026-03-11T18:30:00",
  "metric_rows": 11986,
  "events": 8
}
{
  "iteration": 33,
  "last_minute": "2026-03-11T18:30:00",
  "window_end": "2026-03-11T18:45:00",
  "metric_rows": 12013,
  "events": 7
}
{
  "iteration": 34,
  "last_minute": "2026-03-11T18:31:00",
  "window_end": "2026-03-11T18:45:00",
  "metric_rows": 12020,
  "events": 7
}
{
  "iteration": 35,
  "last_minute": "2026-03-11T18:32:00",
  "window_end": "2026-03-11T18:45:00",
  "metric_rows": 12022,
  "events": 7
}
{
  "iteration": 36,
  "last_minute": "2026-03-11T18:33:00",
  "window_end": "2026-03-11T18:45:00",
  "metric_rows": 12025,
  "events": 7
}
{
  "iteration": 37,
  "last_minute": "2026-03-11T18:34:00",
  "window_end": "2026-03-11T18:45:00",
  "metric_rows": 12025,
  "events": 7
}
{
  "iteration": 38,
  "last_minute": "2026-03-11T18:35:00",
  "window_end": "2026-03-11T18:45:00",
  "metric_rows": 12026,
  "events": 7
}
{
  "iteration": 39,
  "last_minute": "2026-03-11T18:36:00",
  "window_end": "2026-03-11T18:45:00",
  "metric_rows": 12027,
  "events": 7
}
{
  "iteration": 40,
  "last_minute": "2026-03-11T18:37:00",
  "window_end": "2026-03-11T18:45:00",
  "metric_rows": 12027,
  "events": 7
}
{
  "iteration": 41,
  "last_minute": "2026-03-11T18:38:00",
  "window_end": "2026-03-11T18:45:00",
  "metric_rows": 12027,
  "events": 7
}
{
  "iteration": 42,
  "last_minute": "2026-03-11T18:39:00",
  "window_end": "2026-03-11T18:45:00",
  "metric_rows": 12027,
  "events": 7
}
{
  "iteration": 43,
  "last_minute": "2026-03-11T18:40:00",
  "window_end": "2026-03-11T18:45:00",
  "metric_rows": 12027,
  "events": 7
}
{
  "iteration": 44,
  "last_minute": "2026-03-11T18:41:00",
  "window_end": "2026-03-11T18:45:00",
  "metric_rows": 12027,
  "events": 7
}
{
  "iteration": 45,
  "last_minute": "2026-03-11T18:42:00",
  "window_end": "2026-03-11T18:45:00",
  "metric_rows": 12027,
  "events": 8
}
{
  "iteration": 46,
  "last_minute": "2026-03-11T18:43:00",
  "window_end": "2026-03-11T18:45:00",
  "metric_rows": 12027,
  "events": 8
}
{
  "iteration": 47,
  "last_minute": "2026-03-11T18:44:00",
  "window_end": "2026-03-11T18:45:00",
  "metric_rows": 12027,
  "events": 8
}
{
  "iteration": 48,
  "last_minute": "2026-03-11T18:45:00",
  "window_end": "2026-03-11T19:00:00",
  "metric_rows": 12059,
  "events": 8
}
{
  "iteration": 49,
  "last_minute": "2026-03-11T18:46:00",
  "window_end": "2026-03-11T19:00:00",
  "metric_rows": 12064,
  "events": 8
}
{
  "iteration": 50,
  "last_minute": "2026-03-11T18:47:00",
  "window_end": "2026-03-11T19:00:00",
  "metric_rows": 12064,
  "events": 8
}
{
  "iteration": 51,
  "last_minute": "2026-03-11T18:48:00",
  "window_end": "2026-03-11T19:00:00",
  "metric_rows": 12064,
  "events": 9
}
{
  "iteration": 52,
  "last_minute": "2026-03-11T18:49:00",
  "window_end": "2026-03-11T19:00:00",
  "metric_rows": 12064,
  "events": 8
}
{
  "iteration": 53,
  "last_minute": "2026-03-11T18:50:00",
  "window_end": "2026-03-11T19:00:00",
  "metric_rows": 12065,
  "events": 9
}
{
  "iteration": 54,
  "last_minute": "2026-03-11T18:51:00",
  "window_end": "2026-03-11T19:00:00",
  "metric_rows": 12065,
  "events": 10
}
{
  "iteration": 55,
  "last_minute": "2026-03-11T18:52:00",
  "window_end": "2026-03-11T19:00:00",
  "metric_rows": 12065,
  "events": 10
}
{
  "iteration": 56,
  "last_minute": "2026-03-11T18:53:00",
  "window_end": "2026-03-11T19:00:00",
  "metric_rows": 12065,
  "events": 11
}
{
  "iteration": 57,
  "last_minute": "2026-03-11T18:54:00",
  "window_end": "2026-03-11T19:00:00",
  "metric_rows": 12066,
  "events": 11
}
{
  "iteration": 58,
  "last_minute": "2026-03-11T18:55:00",
  "window_end": "2026-03-11T19:00:00",
  "metric_rows": 12066,
  "events": 11
}
{
  "iteration": 59,
  "last_minute": "2026-03-11T18:56:00",
  "window_end": "2026-03-11T19:00:00",
  "metric_rows": 12066,
  "events": 11
}
{
  "iteration": 60,
  "last_minute": "2026-03-11T18:57:00",
  "window_end": "2026-03-11T19:00:00",
  "metric_rows": 12066,
  "events": 11
}
{
  "iteration": 61,
  "last_minute": "2026-03-11T18:58:00",
  "window_end": "2026-03-11T19:00:00",
  "metric_rows": 12067,
  "events": 11
}
{
  "iteration": 62,
  "last_minute": "2026-03-11T18:59:00",
  "window_end": "2026-03-11T19:00:00",
  "metric_rows": 12067,
  "events": 11
}
{
  "iteration": 63,
  "last_minute": "2026-03-11T19:00:00",
  "window_end": "2026-03-11T19:15:00",
  "metric_rows": 12095,
  "events": 8
}
{
  "iteration": 64,
  "last_minute": "2026-03-11T19:01:00",
  "window_end": "2026-03-11T19:15:00",
  "metric_rows": 12103,
  "events": 7
}
{
  "iteration": 65,
  "last_minute": "2026-03-11T19:02:00",
  "window_end": "2026-03-11T19:15:00",
  "metric_rows": 12104,
  "events": 7
}
{
  "iteration": 66,
  "last_minute": "2026-03-11T19:03:00",
  "window_end": "2026-03-11T19:15:00",
  "metric_rows": 12105,
  "events": 7
}
{
  "iteration": 67,
  "last_minute": "2026-03-11T19:04:00",
  "window_end": "2026-03-11T19:15:00",
  "metric_rows": 12106,
  "events": 7
}
{
  "iteration": 68,
  "last_minute": "2026-03-11T19:05:00",
  "window_end": "2026-03-11T19:15:00",
  "metric_rows": 12106,
  "events": 7
}
{
  "iteration": 69,
  "last_minute": "2026-03-11T19:06:00",
  "window_end": "2026-03-11T19:15:00",
  "metric_rows": 12106,
  "events": 7
}
{
  "iteration": 70,
  "last_minute": "2026-03-11T19:07:00",
  "window_end": "2026-03-11T19:15:00",
  "metric_rows": 12107,
  "events": 7
}
{
  "iteration": 71,
  "last_minute": "2026-03-11T19:08:00",
  "window_end": "2026-03-11T19:15:00",
  "metric_rows": 12107,
  "events": 7
}
{
  "iteration": 72,
  "last_minute": "2026-03-11T19:09:00",
  "window_end": "2026-03-11T19:15:00",
  "metric_rows": 12107,
  "events": 7
}
{
  "iteration": 73,
  "last_minute": "2026-03-11T19:10:00",
  "window_end": "2026-03-11T19:15:00",
  "metric_rows": 12107,
  "events": 7
}
{
  "iteration": 74,
  "last_minute": "2026-03-11T19:11:00",
  "window_end": "2026-03-11T19:15:00",
  "metric_rows": 12108,
  "events": 7
}
{
  "iteration": 75,
  "last_minute": "2026-03-11T19:12:00",
  "window_end": "2026-03-11T19:15:00",
  "metric_rows": 12108,
  "events": 7
}
{
  "iteration": 76,
  "last_minute": "2026-03-11T19:13:00",
  "window_end": "2026-03-11T19:15:00",
  "metric_rows": 12108,
  "events": 7
}
{
  "iteration": 77,
  "last_minute": "2026-03-11T19:14:00",
  "window_end": "2026-03-11T19:15:00",
  "metric_rows": 12108,
  "events": 7
}
{
  "iteration": 78,
  "last_minute": "2026-03-11T19:15:00",
  "window_end": "2026-03-11T19:30:00",
  "metric_rows": 12138,
  "events": 8
}
{
  "iteration": 79,
  "last_minute": "2026-03-11T19:16:00",
  "window_end": "2026-03-11T19:30:00",
  "metric_rows": 12140,
  "events": 9
}
{
  "iteration": 80,
  "last_minute": "2026-03-11T19:17:00",
  "window_end": "2026-03-11T19:30:00",
  "metric_rows": 12143,
  "events": 8
}
{
  "iteration": 81,
  "last_minute": "2026-03-11T19:18:00",
  "window_end": "2026-03-11T19:30:00",
  "metric_rows": 12146,
  "events": 8
}
{
  "iteration": 82,
  "last_minute": "2026-03-11T19:19:00",
  "window_end": "2026-03-11T19:30:00",
  "metric_rows": 12147,
  "events": 8
}
{
  "iteration": 83,
  "last_minute": "2026-03-11T19:20:00",
  "window_end": "2026-03-11T19:30:00",
  "metric_rows": 12150,
  "events": 7
}
{
  "iteration": 84,
  "last_minute": "2026-03-11T19:21:00",
  "window_end": "2026-03-11T19:30:00",
  "metric_rows": 12150,
  "events": 7
}
{
  "iteration": 85,
  "last_minute": "2026-03-11T19:22:00",
  "window_end": "2026-03-11T19:30:00",
  "metric_rows": 12150,
  "events": 7
}
{
  "iteration": 86,
  "last_minute": "2026-03-11T19:23:00",
  "window_end": "2026-03-11T19:30:00",
  "metric_rows": 12150,
  "events": 7
}
{
  "iteration": 87,
  "last_minute": "2026-03-11T19:24:00",
  "window_end": "2026-03-11T19:30:00",
  "metric_rows": 12150,
  "events": 7
}
